  ofApp.cpp
C:\Users\naked\Desktop\of_v0.9.8_vs_release\libs\openFrameworks\utils\ofLog.h : warning C4819: ファイルは、現在のコード ページ (932) で表示できない文字を含んでいます。データの損失を防ぐために、ファイルを Unicode 形式で保存してください。
C:\Users\naked\Desktop\of_v0.9.8_vs_release\libs\openFrameworks\types\ofTypes.h : warning C4819: ファイルは、現在のコード ページ (932) で表示できない文字を含んでいます。データの損失を防ぐために、ファイルを Unicode 形式で保存してください。
c:\users\naked\desktop\of_v0.9.8_vs_release\libs\openframeworks\types\ofColor.h : warning C4819: ファイルは、現在のコード ページ (932) で表示できない文字を含んでいます。データの損失を防ぐために、ファイルを Unicode 形式で保存してください。
c:\users\naked\desktop\of_v0.9.8_vs_release\libs\openframeworks\math\ofVec3f.h : warning C4819: ファイルは、現在のコード ページ (932) で表示できない文字を含んでいます。データの損失を防ぐために、ファイルを Unicode 形式で保存してください。
c:\users\naked\desktop\of_v0.9.8_vs_release\libs\openframeworks\math\ofVec2f.h : warning C4819: ファイルは、現在のコード ページ (932) で表示できない文字を含んでいます。データの損失を防ぐために、ファイルを Unicode 形式で保存してください。
c:\users\naked\desktop\of_v0.9.8_vs_release\libs\openframeworks\types\ofColor.h(778): warning C4819: ファイルは、現在のコード ページ (932) で表示できない文字を含んでいます。データの損失を防ぐために、ファイルを Unicode 形式で保存してください。
C:\Users\naked\Desktop\of_v0.9.8_vs_release\libs\openFrameworks\3d\ofMesh.h : warning C4819: ファイルは、現在のコード ページ (932) で表示できない文字を含んでいます。データの損失を防ぐために、ファイルを Unicode 形式で保存してください。
C:\Users\naked\Desktop\of_v0.9.8_vs_release\libs\openFrameworks\graphics\ofPolyline.h : warning C4819: ファイルは、現在のコード ページ (932) で表示できない文字を含んでいます。データの損失を防ぐために、ファイルを Unicode 形式で保存してください。
C:\Users\naked\Desktop\of_v0.9.8_vs_release\libs\openFrameworks\graphics\ofPath.h : warning C4819: ファイルは、現在のコード ページ (932) で表示できない文字を含んでいます。データの損失を防ぐために、ファイルを Unicode 形式で保存してください。
C:\Users\naked\Desktop\of_v0.9.8_vs_release\libs\openFrameworks\3d\ofCamera.h : warning C4819: ファイルは、現在のコード ページ (932) で表示できない文字を含んでいます。データの損失を防ぐために、ファイルを Unicode 形式で保存してください。
C:\Users\naked\Desktop\of_v0.9.8_vs_release\libs\openFrameworks\3d\ofEasyCam.h : warning C4819: ファイルは、現在のコード ページ (932) で表示できない文字を含んでいます。データの損失を防ぐために、ファイルを Unicode 形式で保存してください。
c:\users\naked\desktop\of_v0.9.8_vs_release\addons\ofxaruco\libs\aruco-1.3.0\src\cameraparameters.h(55): warning C4290: C++ の例外の指定は無視されます。関数が __declspec(nothrow) でないことのみ表示されます。
c:\users\naked\desktop\of_v0.9.8_vs_release\addons\ofxaruco\libs\aruco-1.3.0\src\cameraparameters.h(61): warning C4290: C++ の例外の指定は無視されます。関数が __declspec(nothrow) でないことのみ表示されます。
c:\users\naked\desktop\of_v0.9.8_vs_release\addons\ofxaruco\libs\aruco-1.3.0\src\cameraparameters.h(76): warning C4290: C++ の例外の指定は無視されます。関数が __declspec(nothrow) でないことのみ表示されます。
c:\users\naked\desktop\of_v0.9.8_vs_release\addons\ofxaruco\libs\aruco-1.3.0\src\cameraparameters.h(79): warning C4290: C++ の例外の指定は無視されます。関数が __declspec(nothrow) でないことのみ表示されます。
c:\users\naked\desktop\of_v0.9.8_vs_release\addons\ofxaruco\libs\aruco-1.3.0\src\cameraparameters.h(83): warning C4290: C++ の例外の指定は無視されます。関数が __declspec(nothrow) でないことのみ表示されます。
c:\users\naked\desktop\of_v0.9.8_vs_release\addons\ofxaruco\libs\aruco-1.3.0\src\cameraparameters.h(87): warning C4290: C++ の例外の指定は無視されます。関数が __declspec(nothrow) でないことのみ表示されます。
c:\users\naked\desktop\of_v0.9.8_vs_release\addons\ofxaruco\libs\aruco-1.3.0\src\cameraparameters.h(105): warning C4290: C++ の例外の指定は無視されます。関数が __declspec(nothrow) でないことのみ表示されます。
c:\users\naked\desktop\of_v0.9.8_vs_release\addons\ofxaruco\libs\aruco-1.3.0\src\cameraparameters.h(118): warning C4290: C++ の例外の指定は無視されます。関数が __declspec(nothrow) でないことのみ表示されます。
c:\users\naked\desktop\of_v0.9.8_vs_release\addons\ofxaruco\libs\aruco-1.3.0\src\cameraparameters.h(128): warning C4290: C++ の例外の指定は無視されます。関数が __declspec(nothrow) でないことのみ表示されます。
c:\users\naked\desktop\of_v0.9.8_vs_release\addons\ofxaruco\libs\aruco-1.3.0\src\cameraparameters.h(129): warning C4290: C++ の例外の指定は無視されます。関数が __declspec(nothrow) でないことのみ表示されます。
c:\users\naked\desktop\of_v0.9.8_vs_release\addons\ofxaruco\libs\aruco-1.3.0\src\marker.h(75): warning C4290: C++ の例外の指定は無視されます。関数が __declspec(nothrow) でないことのみ表示されます。
c:\users\naked\desktop\of_v0.9.8_vs_release\addons\ofxaruco\libs\aruco-1.3.0\src\marker.h(82): warning C4290: C++ の例外の指定は無視されます。関数が __declspec(nothrow) でないことのみ表示されます。
c:\users\naked\desktop\of_v0.9.8_vs_release\addons\ofxaruco\libs\aruco-1.3.0\src\marker.h(87): warning C4290: C++ の例外の指定は無視されます。関数が __declspec(nothrow) でないことのみ表示されます。
c:\users\naked\desktop\of_v0.9.8_vs_release\addons\ofxaruco\libs\aruco-1.3.0\src\marker.h(99): warning C4290: C++ の例外の指定は無視されます。関数が __declspec(nothrow) でないことのみ表示されます。
c:\users\naked\desktop\of_v0.9.8_vs_release\addons\ofxaruco\libs\aruco-1.3.0\src\board.h(86): warning C4290: C++ の例外の指定は無視されます。関数が __declspec(nothrow) でないことのみ表示されます。
c:\users\naked\desktop\of_v0.9.8_vs_release\addons\ofxaruco\libs\aruco-1.3.0\src\board.h(97): warning C4290: C++ の例外の指定は無視されます。関数が __declspec(nothrow) でないことのみ表示されます。
c:\users\naked\desktop\of_v0.9.8_vs_release\addons\ofxaruco\libs\aruco-1.3.0\src\board.h(100): warning C4290: C++ の例外の指定は無視されます。関数が __declspec(nothrow) でないことのみ表示されます。
c:\users\naked\desktop\of_v0.9.8_vs_release\addons\ofxaruco\libs\aruco-1.3.0\src\board.h(112): warning C4290: C++ の例外の指定は無視されます。関数が __declspec(nothrow) でないことのみ表示されます。
c:\users\naked\desktop\of_v0.9.8_vs_release\addons\ofxaruco\libs\aruco-1.3.0\src\board.h(120): warning C4290: C++ の例外の指定は無視されます。関数が __declspec(nothrow) でないことのみ表示されます。
c:\users\naked\desktop\of_v0.9.8_vs_release\addons\ofxaruco\libs\aruco-1.3.0\src\board.h(123): warning C4290: C++ の例外の指定は無視されます。関数が __declspec(nothrow) でないことのみ表示されます。
c:\users\naked\desktop\of_v0.9.8_vs_release\addons\ofxaruco\libs\aruco-1.3.0\src\board.h(146): warning C4290: C++ の例外の指定は無視されます。関数が __declspec(nothrow) でないことのみ表示されます。
c:\users\naked\desktop\of_v0.9.8_vs_release\addons\ofxaruco\libs\aruco-1.3.0\src\board.h(158): warning C4290: C++ の例外の指定は無視されます。関数が __declspec(nothrow) でないことのみ表示されます。
c:\users\naked\desktop\of_v0.9.8_vs_release\addons\ofxaruco\libs\aruco-1.3.0\src\board.h(163): warning C4290: C++ の例外の指定は無視されます。関数が __declspec(nothrow) でないことのみ表示されます。
c:\users\naked\desktop\of_v0.9.8_vs_release\addons\ofxaruco\libs\aruco-1.3.0\src\board.h(166): warning C4290: C++ の例外の指定は無視されます。関数が __declspec(nothrow) でないことのみ表示されます。
c:\users\naked\desktop\of_v0.9.8_vs_release\addons\ofxaruco\libs\aruco-1.3.0\src\markerdetector.h(86): warning C4290: C++ の例外の指定は無視されます。関数が __declspec(nothrow) でないことのみ表示されます。
c:\users\naked\desktop\of_v0.9.8_vs_release\addons\ofxaruco\libs\aruco-1.3.0\src\markerdetector.h(98): warning C4290: C++ の例外の指定は無視されます。関数が __declspec(nothrow) でないことのみ表示されます。
c:\users\naked\desktop\of_v0.9.8_vs_release\addons\ofxaruco\libs\aruco-1.3.0\src\markerdetector.h(175): warning C4290: C++ の例外の指定は無視されます。関数が __declspec(nothrow) でないことのみ表示されます。
c:\users\naked\desktop\of_v0.9.8_vs_release\addons\ofxaruco\libs\aruco-1.3.0\src\markerdetector.h(210): warning C4290: C++ の例外の指定は無視されます。関数が __declspec(nothrow) でないことのみ表示されます。
c:\users\naked\desktop\of_v0.9.8_vs_release\addons\ofxaruco\libs\aruco-1.3.0\src\markerdetector.h(252): warning C4290: C++ の例外の指定は無視されます。関数が __declspec(nothrow) でないことのみ表示されます。
c:\users\naked\desktop\of_v0.9.8_vs_release\addons\ofxaruco\libs\aruco-1.3.0\src\markerdetector.h(270): warning C4290: C++ の例外の指定は無視されます。関数が __declspec(nothrow) でないことのみ表示されます。
c:\users\naked\desktop\of_v0.9.8_vs_release\addons\ofxaruco\libs\aruco-1.3.0\src\markerdetector.h(295): warning C4290: C++ の例外の指定は無視されます。関数が __declspec(nothrow) でないことのみ表示されます。
c:\users\naked\desktop\of_v0.9.8_vs_release\addons\ofxaruco\libs\aruco-1.3.0\src\markerdetector.h(298): warning C4290: C++ の例外の指定は無視されます。関数が __declspec(nothrow) でないことのみ表示されます。
C:\Users\naked\Desktop\of_v0.9.8_vs_release\addons\ofxAruco\libs\aruco-1.3.0\src\boarddetector.h(81): warning C4290: C++ の例外の指定は無視されます。関数が __declspec(nothrow) でないことのみ表示されます。
C:\Users\naked\Desktop\of_v0.9.8_vs_release\addons\ofxAruco\libs\aruco-1.3.0\src\boarddetector.h(107): warning C4290: C++ の例外の指定は無視されます。関数が __declspec(nothrow) でないことのみ表示されます。
C:\Users\naked\Desktop\of_v0.9.8_vs_release\addons\ofxAruco\libs\aruco-1.3.0\src\boarddetector.h(109): warning C4290: C++ の例外の指定は無視されます。関数が __declspec(nothrow) でないことのみ表示されます。
  createARMarker.vcxproj -> C:\Users\naked\Desktop\of_v0.9.8_vs_release\apps\myApps\createARMarker\bin\createARMarker_debug.exe
  createARMarker.vcxproj -> bin\createARMarker_debug.pdb (Full PDB)
  
  	                   9	C:\Users\naked\Desktop\of_v0.9.8_vs_release\export\vs\Win32\
